<?xml version="1.0" encoding="UTF-8"?>
<!-- Generated by org.testng.reporters.JUnitXMLReporter -->
<testsuite hostname="DESKTOP-C87VPNA" ignored="0" name="Default test" tests="4" failures="0" timestamp="25 May 2019 10:02:05 GMT" time="67.631" errors="0">
  <testcase name="tc001" time="43.05" classname="DriverScript.Mainmethod"/>
  <testcase name="tc002" time="0.162" classname="DriverScript.Mainmethod"/>
  <testcase name="tc003" time="13.656" classname="DriverScript.Mainmethod"/>
  <testcase name="tc004" time="9.355" classname="DriverScript.Mainmethod"/>
</testsuite> <!-- Default test -->
