<?xml version="1.0" encoding="UTF-8"?>
<!-- Generated by org.testng.reporters.JUnitXMLReporter -->
<testsuite hostname="DESKTOP-C87VPNA" ignored="0" name="Test" tests="4" failures="0" timestamp="26 May 2019 12:08:52 GMT" time="82.843" errors="0">
  <testcase name="tc001" time="58.624" classname="DriverScript.Mainmethod"/>
  <testcase name="tc002" time="0.127" classname="DriverScript.Mainmethod"/>
  <testcase name="tc003" time="13.355" classname="DriverScript.Mainmethod"/>
  <testcase name="tc004" time="7.689" classname="DriverScript.Mainmethod"/>
</testsuite> <!-- Test -->
