<?xml version="1.0" encoding="UTF-8"?>
<testng-results skipped="0" failed="0" ignored="0" total="4" passed="4">
  <reporter-output>
    <line>
      <![CDATA[The Browser which got reopened is :Chrome]]>
    </line>
  </reporter-output>
  <suite name="Suite" duration-ms="82843" started-at="2019-05-26T12:07:29Z" finished-at="2019-05-26T12:08:52Z">
    <groups>
    </groups>
    <test name="Test" duration-ms="82843" started-at="2019-05-26T12:07:29Z" finished-at="2019-05-26T12:08:52Z">
      <class name="DriverScript.Mainmethod">
        <test-method status="PASS" signature="prerequisite()[pri:0, instance:DriverScript.Mainmethod@68c4039c]" name="prerequisite" is-config="true" duration-ms="3018" started-at="2019-05-26T12:07:29Z" finished-at="2019-05-26T12:07:32Z">
          <reporter-output>
          </reporter-output>
        </test-method> <!-- prerequisite -->
        <test-method status="PASS" signature="tc001()[pri:1, instance:DriverScript.Mainmethod@68c4039c]" name="tc001" duration-ms="58624" started-at="2019-05-26T12:07:32Z" finished-at="2019-05-26T12:08:31Z">
          <reporter-output>
            <line>
              <![CDATA[The Browser which got reopened is :Chrome]]>
            </line>
          </reporter-output>
        </test-method> <!-- tc001 -->
        <test-method status="PASS" signature="tc002()[pri:2, instance:DriverScript.Mainmethod@68c4039c]" name="tc002" duration-ms="127" started-at="2019-05-26T12:08:31Z" finished-at="2019-05-26T12:08:31Z">
          <reporter-output>
          </reporter-output>
        </test-method> <!-- tc002 -->
        <test-method status="PASS" signature="tc003()[pri:3, instance:DriverScript.Mainmethod@68c4039c]" name="tc003" duration-ms="13355" started-at="2019-05-26T12:08:31Z" finished-at="2019-05-26T12:08:44Z">
          <reporter-output>
          </reporter-output>
        </test-method> <!-- tc003 -->
        <test-method status="PASS" signature="tc004()[pri:4, instance:DriverScript.Mainmethod@68c4039c]" name="tc004" duration-ms="7689" started-at="2019-05-26T12:08:44Z" finished-at="2019-05-26T12:08:52Z">
          <reporter-output>
          </reporter-output>
        </test-method> <!-- tc004 -->
      </class> <!-- DriverScript.Mainmethod -->
    </test> <!-- Test -->
  </suite> <!-- Suite -->
</testng-results>
